#! /usr/local/iverilog/bin/vvp
:ivl_version "11.0 (devel)" "(s20150603-642-g3bdb50da)";
:ivl_delay_selection "TYPICAL";
:vpi_time_precision - 12;
:vpi_module "system";
:vpi_module "vhdl_sys";
:vpi_module "vhdl_textio";
:vpi_module "v2005_math";
:vpi_module "va_math";
S_0000000001155000 .scope module, "testbench_top" "testbench_top" 2 4;
 .timescale -9 -12;
v00000000009dd3b0_0 .var "clk", 0 0;
v00000000009dd450_0 .var "rst_n", 0 0;
v00000000009dd4f0_0 .net "syscnt", 3 0, v00000000009dd310_0;  1 drivers
E_00000000009d8330 .event posedge, v00000000009dd270_0;
S_00000000009d95c0 .scope module, "uut_vlg_design" "vlg_design" 2 21, 3 4 0, S_0000000001155000;
 .timescale -9 -12;
    .port_info 0 /INPUT 1 "clk";
    .port_info 1 /INPUT 1 "rst_n";
    .port_info 2 /OUTPUT 4 "syscnt";
P_00000000009d7ab0 .param/l "DIVCNT_MAX" 1 3 10, C4<10011>;
v00000000009db3e0_0 .net "clk", 0 0, v00000000009dd3b0_0;  1 drivers
v00000000009db910_0 .var "clk_en", 0 0;
v00000000009dd1d0_0 .var "divcnt", 4 0;
v00000000009dd270_0 .net "rst_n", 0 0, v00000000009dd450_0;  1 drivers
v00000000009dd310_0 .var "syscnt", 3 0;
E_00000000009d87f0 .event posedge, v00000000009db3e0_0;
    .scope S_00000000009d95c0;
T_0 ;
    %wait E_00000000009d87f0;
    %load/vec4 v00000000009dd270_0;
    %nor/r;
    %flag_set/vec4 8;
    %jmp/0xz  T_0.0, 8;
    %pushi/vec4 0, 0, 5;
    %assign/vec4 v00000000009dd1d0_0, 0;
    %jmp T_0.1;
T_0.0 ;
    %load/vec4 v00000000009dd1d0_0;
    %cmpi/u 19, 0, 5;
    %jmp/0xz  T_0.2, 5;
    %load/vec4 v00000000009dd1d0_0;
    %addi 1, 0, 5;
    %assign/vec4 v00000000009dd1d0_0, 0;
    %jmp T_0.3;
T_0.2 ;
    %pushi/vec4 0, 0, 5;
    %assign/vec4 v00000000009dd1d0_0, 0;
T_0.3 ;
T_0.1 ;
    %jmp T_0;
    .thread T_0;
    .scope S_00000000009d95c0;
T_1 ;
    %wait E_00000000009d87f0;
    %load/vec4 v00000000009dd270_0;
    %nor/r;
    %flag_set/vec4 8;
    %jmp/0xz  T_1.0, 8;
    %pushi/vec4 0, 0, 1;
    %assign/vec4 v00000000009db910_0, 0;
    %jmp T_1.1;
T_1.0 ;
    %load/vec4 v00000000009dd1d0_0;
    %cmpi/e 19, 0, 5;
    %jmp/0xz  T_1.2, 4;
    %pushi/vec4 1, 0, 1;
    %assign/vec4 v00000000009db910_0, 0;
    %jmp T_1.3;
T_1.2 ;
    %pushi/vec4 0, 0, 1;
    %assign/vec4 v00000000009db910_0, 0;
T_1.3 ;
T_1.1 ;
    %jmp T_1;
    .thread T_1;
    .scope S_00000000009d95c0;
T_2 ;
    %wait E_00000000009d87f0;
    %load/vec4 v00000000009dd270_0;
    %nor/r;
    %flag_set/vec4 8;
    %jmp/0xz  T_2.0, 8;
    %pushi/vec4 0, 0, 4;
    %assign/vec4 v00000000009dd310_0, 0;
    %jmp T_2.1;
T_2.0 ;
    %load/vec4 v00000000009db910_0;
    %cmpi/e 1, 0, 1;
    %jmp/0xz  T_2.2, 4;
    %load/vec4 v00000000009dd310_0;
    %addi 1, 0, 4;
    %assign/vec4 v00000000009dd310_0, 0;
    %jmp T_2.3;
T_2.2 ;
    %load/vec4 v00000000009dd310_0;
    %assign/vec4 v00000000009dd310_0, 0;
T_2.3 ;
T_2.1 ;
    %jmp T_2;
    .thread T_2;
    .scope S_0000000001155000;
T_3 ;
    %pushi/vec4 0, 0, 1;
    %assign/vec4 v00000000009dd3b0_0, 0;
    %pushi/vec4 0, 0, 1;
    %assign/vec4 v00000000009dd450_0, 0;
    %delay 1000000, 0;
    %pushi/vec4 1, 0, 1;
    %assign/vec4 v00000000009dd450_0, 0;
    %end;
    .thread T_3;
    .scope S_0000000001155000;
T_4 ;
    %delay 5000, 0;
    %load/vec4 v00000000009dd3b0_0;
    %inv;
    %store/vec4 v00000000009dd3b0_0, 0, 1;
    %jmp T_4;
    .thread T_4;
    .scope S_0000000001155000;
T_5 ;
    %wait E_00000000009d8330;
    %wait E_00000000009d87f0;
    %pushi/vec4 640, 0, 32;
T_5.0 %dup/vec4;
    %pushi/vec4 0, 0, 32;
    %cmp/s;
    %jmp/1xz T_5.1, 5;
    %jmp/1 T_5.1, 4;
    %pushi/vec4 1, 0, 32;
    %sub;
    %wait E_00000000009d87f0;
    %jmp T_5.0;
T_5.1 ;
    %pop/vec4 1;
    %vpi_call 2 54 "$stop" {0 0 0};
    %end;
    .thread T_5;
    .scope S_0000000001155000;
T_6 ;
    %vpi_call 2 58 "$dumpfile", "./build/wave.vcd" {0 0 0};
    %vpi_call 2 59 "$dumpvars", 32'sb00000000000000000000000000000000, S_0000000001155000 {0 0 0};
    %end;
    .thread T_6;
# The file index is used to find the file name in the following table.
:file_names 4;
    "N/A";
    "<interactive>";
    "./testbench/testbench_top.v";
    "./design/vlg_design.v";
